TN:
SF:app.js
FN:19,(anonymous_0)
FN:24,(anonymous_1)
FNF:2
FNH:1
FNDA:0,(anonymous_0)
FNDA:9,(anonymous_1)
DA:4,2
DA:5,2
DA:7,2
DA:9,2
DA:11,2
DA:12,2
DA:14,2
DA:15,2
DA:19,2
DA:20,0
DA:24,2
DA:25,9
DA:26,9
DA:27,9
DA:28,9
DA:33,2
LF:16
LH:15
BRDA:25,0,0,9
BRDA:25,0,1,3
BRDA:27,1,0,0
BRDA:27,1,1,9
BRF:4
BRH:3
end_of_record
TN:
SF:companies.js
FN:10,(anonymous_0)
FN:20,(anonymous_1)
FN:35,(anonymous_2)
FN:43,(anonymous_3)
FN:74,(anonymous_4)
FN:95,(anonymous_5)
FNF:6
FNH:6
FNDA:1,(anonymous_0)
FNDA:2,(anonymous_1)
FNDA:2,(anonymous_2)
FNDA:3,(anonymous_3)
FNDA:2,(anonymous_4)
FNDA:2,(anonymous_5)
DA:4,2
DA:5,2
DA:6,2
DA:7,2
DA:10,2
DA:11,1
DA:14,1
DA:15,1
DA:20,2
DA:21,2
DA:25,2
DA:26,2
DA:27,1
DA:30,1
DA:35,2
DA:36,1
DA:43,2
DA:59,3
DA:61,3
DA:67,1
DA:68,1
DA:74,2
DA:75,2
DA:77,2
DA:84,2
DA:86,2
DA:87,1
DA:89,1
DA:95,2
DA:96,2
DA:101,2
DA:102,2
DA:103,1
DA:105,1
DA:108,2
LF:35
LH:35
BRDA:26,0,0,1
BRDA:26,0,1,1
BRDA:86,1,0,1
BRDA:86,1,1,1
BRDA:102,2,0,1
BRDA:102,2,1,1
BRF:6
BRH:6
end_of_record
TN:
SF:db.js
FNF:0
FNH:0
DA:4,2
DA:6,2
DA:10,2
DA:14,2
DA:16,2
LF:5
LH:5
BRDA:6,0,0,2
BRDA:6,0,1,0
BRF:2
BRH:1
end_of_record
TN:
SF:expressError.js
FN:9,(anonymous_0)
FN:19,(anonymous_1)
FN:27,(anonymous_2)
FN:35,(anonymous_3)
FN:43,(anonymous_4)
FNF:5
FNH:2
FNDA:6,(anonymous_0)
FNDA:6,(anonymous_1)
FNDA:0,(anonymous_2)
FNDA:0,(anonymous_3)
FNDA:0,(anonymous_4)
DA:10,6
DA:11,6
DA:12,6
DA:20,6
DA:28,0
DA:36,0
DA:44,0
DA:48,2
LF:8
LH:5
BRDA:19,0,0,0
BRDA:27,1,0,0
BRDA:35,2,0,0
BRDA:43,3,0,0
BRF:4
BRH:0
end_of_record
TN:
SF:invoices.js
FN:10,(anonymous_0)
FN:21,(anonymous_1)
FN:48,(anonymous_2)
FN:64,(anonymous_3)
FN:85,(anonymous_4)
FNF:5
FNH:5
FNDA:1,(anonymous_0)
FNDA:2,(anonymous_1)
FNDA:2,(anonymous_2)
FNDA:2,(anonymous_3)
FNDA:2,(anonymous_4)
DA:4,2
DA:5,2
DA:6,2
DA:7,2
DA:10,2
DA:11,1
DA:14,1
DA:15,1
DA:21,2
DA:22,2
DA:27,2
DA:29,2
DA:30,1
DA:33,1
DA:35,1
DA:39,1
DA:41,1
DA:42,1
DA:48,2
DA:49,2
DA:51,2
DA:57,1
DA:58,1
DA:64,2
DA:65,2
DA:67,2
DA:73,2
DA:75,2
DA:76,1
DA:79,1
DA:85,2
DA:94,2
DA:99,2
DA:100,2
DA:101,1
DA:103,1
DA:106,2
LF:37
LH:37
BRDA:29,0,0,1
BRDA:29,0,1,1
BRDA:75,1,0,1
BRDA:75,1,1,1
BRDA:100,2,0,1
BRDA:100,2,1,1
BRF:6
BRH:6
end_of_record
